<?xml version="1.0" encoding="UTF-8"?>
<!-- Generated by org.testng.reporters.JUnitReportReporter -->
<testsuite skipped="0" hostname="Admin" name="C_zentrix_Services.C_zentrix_Services.Method1" tests="1" failures="0" timestamp="12 Jul 2019 06:26:44 GMT" time="2.211" errors="0">
  <testcase name="CS" time="2.211" classname="C_zentrix_Services.C_zentrix_Services.Method1"/>
</testsuite> <!-- C_zentrix_Services.C_zentrix_Services.Method1 -->
