<?xml version="1.0" encoding="UTF-8"?>
<!-- Generated by org.testng.reporters.JUnitReportReporter -->
<testsuite skipped="0" hostname="Admin" name="C_zentrix_Services.C_zentrix_Services.Service" tests="7" failures="0" timestamp="10 Sep 2019 06:33:49 GMT" time="0.063" errors="0">
  <testcase name="cz_dialer_data_pl" time="0.016" classname="C_zentrix_Services.C_zentrix_Services.Service"/>
  <testcase name="czentrix_dialer_pl" time="0.016" classname="C_zentrix_Services.C_zentrix_Services.Service"/>
  <testcase name="erp_manager_pl" time="0.000" classname="C_zentrix_Services.C_zentrix_Services.Service"/>
  <testcase name="ftp_client_pl" time="0.015" classname="C_zentrix_Services.C_zentrix_Services.Service"/>
  <testcase name="channel_health_pl" time="0.016" classname="C_zentrix_Services.C_zentrix_Services.Service"/>
  <testcase name="dialer_manager_listen_pl" time="0.000" classname="C_zentrix_Services.C_zentrix_Services.Service"/>
  <testcase name="dialer_reporter_pl" time="0.000" classname="C_zentrix_Services.C_zentrix_Services.Service"/>
</testsuite> <!-- C_zentrix_Services.C_zentrix_Services.Service -->
